Using pre-set license
Built from '2020.3/release' branch; Version is '2020.3.2f1 (8fd9074bf66c) revision 9427207'; Using compiler version '192528614'; Build Type 'Release'
OS: 'Windows 10 Pro; OS build 18362.295; Version 1903; 64bit' Language: 'ru' Physical Memory: 65486 MB
BatchMode: 1, IsHumanControllingUs: 0, StartBugReporterOnCrash: 0, Is64bit: 1, IsPro: 0

 COMMAND LINE ARGUMENTS:
C:\Program Files\Unity\Hub\Editor\2020.3.2f1\Editor\Unity.exe
-adb2
-batchMode
-noUpm
-name
AssetImportWorker0
-projectPath
D:/unity/2021/LudumDare48/LudumDare48
-logFile
Logs/AssetImportWorker0.log
-srvPort
52766
Successfully changed project path to: D:/unity/2021/LudumDare48/LudumDare48
D:/unity/2021/LudumDare48/LudumDare48
Using Asset Import Pipeline V2.
Refreshing native plugins compatible for Editor in 20.90 ms, found 0 plugins.
Preloading 0 native plugins for Editor in 0.00 ms.
Initialize engine version: 2020.3.2f1 (8fd9074bf66c)
[Subsystems] Discovering subsystems at path C:/Program Files/Unity/Hub/Editor/2020.3.2f1/Editor/Data/Resources/UnitySubsystems
[Subsystems] Discovering subsystems at path D:/unity/2021/LudumDare48/LudumDare48/Assets
GfxDevice: creating device client; threaded=0
Direct3D:
    Version:  Direct3D 11.0 [level 11.1]
    Renderer: NVIDIA GeForce GTX 1080 Ti (ID=0x1b06)
    Vendor:   
    VRAM:     11127 MB
    Driver:   27.21.14.6079
Initialize mono
Mono path[0] = 'C:/Program Files/Unity/Hub/Editor/2020.3.2f1/Editor/Data/Managed'
Mono path[1] = 'C:/Program Files/Unity/Hub/Editor/2020.3.2f1/Editor/Data/MonoBleedingEdge/lib/mono/unityjit'
Mono config path = 'C:/Program Files/Unity/Hub/Editor/2020.3.2f1/Editor/Data/MonoBleedingEdge/etc'
Using monoOptions --debugger-agent=transport=dt_socket,embedding=1,server=y,suspend=n,address=127.0.0.1:56392
Begin MonoManager ReloadAssembly
Registering precompiled unity dll's ...
Register platform support module: C:/Program Files/Unity/Hub/Editor/2020.3.2f1/Editor/Data/PlaybackEngines/WebGLSupport/UnityEditor.WebGL.Extensions.dll
Register platform support module: C:/Program Files/Unity/Hub/Editor/2020.3.2f1/Editor/Data/PlaybackEngines/WindowsStandaloneSupport/UnityEditor.WindowsStandalone.Extensions.dll
Register platform support module: C:/Program Files/Unity/Hub/Editor/2020.3.2f1/Editor/Data/PlaybackEngines/LinuxStandaloneSupport/UnityEditor.LinuxStandalone.Extensions.dll
Registered in 0.001331 seconds.
Native extension for LinuxStandalone target not found
Native extension for WindowsStandalone target not found
Native extension for WebGL target not found
Refreshing native plugins compatible for Editor in 20.15 ms, found 0 plugins.
Preloading 0 native plugins for Editor in 0.00 ms.
Invoked RoslynAnalysisRunner static constructor.
RoslynAnalysisRunner will not be running.
RoslynAnalysisRunner has terminated.
Mono: successfully reloaded assembly
- Completed reload, in  1.214 seconds
Platform modules already initialized, skipping
Registering precompiled user dll's ...
Registered in 0.000347 seconds.
Begin MonoManager ReloadAssembly
Native extension for LinuxStandalone target not found
Native extension for WindowsStandalone target not found
Native extension for WebGL target not found
Refreshing native plugins compatible for Editor in 0.23 ms, found 0 plugins.
Preloading 0 native plugins for Editor in 0.00 ms.
Invoked RoslynAnalysisRunner static constructor.
RoslynAnalysisRunner will not be running.
RoslynAnalysisRunner has terminated.
Mono: successfully reloaded assembly
- Completed reload, in  0.614 seconds
Platform modules already initialized, skipping
========================================================================
Worker process is ready to serve import requests
Launched and connected shader compiler UnityShaderCompiler.exe after 0.04 seconds
Refreshing native plugins compatible for Editor in 0.20 ms, found 0 plugins.
Preloading 0 native plugins for Editor in 0.00 ms.
Unloading 1445 Unused Serialized files (Serialized files now loaded: 0)
System memory in use before: 78.8 MB.
System memory in use after: 78.9 MB.

Unloading 11 unused Assets to reduce memory usage. Loaded Objects now: 1889.
Total: 1.563000 ms (FindLiveObjects: 0.147400 ms CreateObjectMapping: 0.044600 ms MarkObjects: 1.290400 ms  DeleteObjects: 0.079800 ms)

========================================================================
Received Import Request.
  path: Assets/Scenes/LevelTemplate 1.unity
  artifactKey: Guid(7578c738729e1a346b5b4c1d7460d104) Importer(815301076,1909f56bfc062723c751e8b465ee728b)
Start importing Assets/Scenes/LevelTemplate 1.unity using Guid(7578c738729e1a346b5b4c1d7460d104) Importer(815301076,1909f56bfc062723c751e8b465ee728b)  -> (artifact id: 'df68f148eda7f04a249129107584c0ac') in 0.007867 seconds
  Import took 0.009585 seconds .

========================================================================
Received Import Request.
  Time since last request: 2.534931 seconds.
  path: Assets/Scenes/LevelTemplate ybzpp.unity
  artifactKey: Guid(7578c738729e1a346b5b4c1d7460d104) Importer(815301076,1909f56bfc062723c751e8b465ee728b)
Start importing Assets/Scenes/LevelTemplate ybzpp.unity using Guid(7578c738729e1a346b5b4c1d7460d104) Importer(815301076,1909f56bfc062723c751e8b465ee728b)  -> (artifact id: 'dfed8d3ce0705bb9e2d0022b2946f5e8') in 0.000865 seconds
  Import took 0.002512 seconds .

========================================================================
Received Import Request.
  Time since last request: 5.944133 seconds.
  path: Assets/Settings
  artifactKey: Guid(0735c275001a2c84dafdb30deced5d8d) Importer(815301076,1909f56bfc062723c751e8b465ee728b)
Start importing Assets/Settings using Guid(0735c275001a2c84dafdb30deced5d8d) Importer(815301076,1909f56bfc062723c751e8b465ee728b)  -> (artifact id: '2d1e2dbfa6bef260d015034a214a27ae') in 0.000653 seconds
  Import took 0.002361 seconds .

========================================================================
Received Import Request.
  Time since last request: 0.349995 seconds.
  path: Assets/Scenes/LevelTemplate.unity
  artifactKey: Guid(166dbe2c5f5ab374bb7f290cc76a64f0) Importer(815301076,1909f56bfc062723c751e8b465ee728b)
Start importing Assets/Scenes/LevelTemplate.unity using Guid(166dbe2c5f5ab374bb7f290cc76a64f0) Importer(815301076,1909f56bfc062723c751e8b465ee728b)  -> (artifact id: '84db4c6b5bb1d4e9e74df50b45892029') in 0.000931 seconds
  Import took 0.002920 seconds .

========================================================================
Received Import Request.
  Time since last request: 0.000601 seconds.
  path: Assets/Scenes/LevelTemplate.unity
  artifactKey: Guid(166dbe2c5f5ab374bb7f290cc76a64f0) Importer(815301076,1909f56bfc062723c751e8b465ee728b)
Start importing Assets/Scenes/LevelTemplate.unity using Guid(166dbe2c5f5ab374bb7f290cc76a64f0) Importer(815301076,1909f56bfc062723c751e8b465ee728b)  -> (artifact id: '84db4c6b5bb1d4e9e74df50b45892029') in 0.000910 seconds
  Import took 0.002563 seconds .

========================================================================
Received Import Request.
  Time since last request: 32.876192 seconds.
  path: Assets/Scenes/Level1.unity
  artifactKey: Guid(fdabd6326ba987a439f77a01277c7ba5) Importer(815301076,1909f56bfc062723c751e8b465ee728b)
Start importing Assets/Scenes/Level1.unity using Guid(fdabd6326ba987a439f77a01277c7ba5) Importer(815301076,1909f56bfc062723c751e8b465ee728b)  -> (artifact id: 'f2b13bfe5cc05a88c422149188e3e06c') in 0.000881 seconds
  Import took 0.002685 seconds .

========================================================================
Received Import Request.
  Time since last request: 0.000435 seconds.
  path: Assets/Scenes/Level1.unity
  artifactKey: Guid(fdabd6326ba987a439f77a01277c7ba5) Importer(815301076,1909f56bfc062723c751e8b465ee728b)
Start importing Assets/Scenes/Level1.unity using Guid(fdabd6326ba987a439f77a01277c7ba5) Importer(815301076,1909f56bfc062723c751e8b465ee728b)  -> (artifact id: 'f2b13bfe5cc05a88c422149188e3e06c') in 0.000805 seconds
  Import took 0.002425 seconds .

========================================================================
Received Prepare
Registering precompiled user dll's ...
Registered in 0.000464 seconds.
Begin MonoManager ReloadAssembly
Native extension for LinuxStandalone target not found
Native extension for WindowsStandalone target not found
Native extension for WebGL target not found
Refreshing native plugins compatible for Editor in 0.21 ms, found 0 plugins.
Preloading 0 native plugins for Editor in 0.00 ms.
Invoked RoslynAnalysisRunner static constructor.
RoslynAnalysisRunner will not be running.
RoslynAnalysisRunner has terminated.
Mono: successfully reloaded assembly
- Completed reload, in  0.581 seconds
Platform modules already initialized, skipping
Refreshing native plugins compatible for Editor in 0.20 ms, found 0 plugins.
Preloading 0 native plugins for Editor in 0.00 ms.
Unloading 1404 Unused Serialized files (Serialized files now loaded: 0)
System memory in use before: 75.2 MB.
System memory in use after: 75.3 MB.

Unloading 6 unused Assets to reduce memory usage. Loaded Objects now: 1893.
Total: 1.472500 ms (FindLiveObjects: 0.128500 ms CreateObjectMapping: 0.036600 ms MarkObjects: 1.255200 ms  DeleteObjects: 0.051500 ms)

========================================================================
Received Prepare
Registering precompiled user dll's ...
Registered in 0.000424 seconds.
Begin MonoManager ReloadAssembly
Native extension for LinuxStandalone target not found
Native extension for WindowsStandalone target not found
Native extension for WebGL target not found
Refreshing native plugins compatible for Editor in 0.23 ms, found 0 plugins.
Preloading 0 native plugins for Editor in 0.00 ms.
Invoked RoslynAnalysisRunner static constructor.
RoslynAnalysisRunner will not be running.
RoslynAnalysisRunner has terminated.
Mono: successfully reloaded assembly
- Completed reload, in  0.581 seconds
Platform modules already initialized, skipping
Refreshing native plugins compatible for Editor in 0.23 ms, found 0 plugins.
Preloading 0 native plugins for Editor in 0.00 ms.
Unloading 1403 Unused Serialized files (Serialized files now loaded: 0)
System memory in use before: 75.2 MB.
System memory in use after: 75.3 MB.

Unloading 6 unused Assets to reduce memory usage. Loaded Objects now: 1896.
Total: 1.424600 ms (FindLiveObjects: 0.130500 ms CreateObjectMapping: 0.040100 ms MarkObjects: 1.203200 ms  DeleteObjects: 0.050100 ms)

========================================================================
Received Import Request.
  Time since last request: 363.832392 seconds.
  path: Assets/Prefabs/Person.prefab
  artifactKey: Guid(ded7a15563c6af84e831dc0c67e26b00) Importer(815301076,1909f56bfc062723c751e8b465ee728b)
Start importing Assets/Prefabs/Person.prefab using Guid(ded7a15563c6af84e831dc0c67e26b00) Importer(815301076,1909f56bfc062723c751e8b465ee728b)  -> (artifact id: '76e2e99de89850a405f7a808473f83e8') in 0.134689 seconds
  Import took 0.137639 seconds .

========================================================================
Received Import Request.
  Time since last request: 14.853932 seconds.
  path: Assets/Scenes/LevelTemplate ybzpp.unity
  artifactKey: Guid(7578c738729e1a346b5b4c1d7460d104) Importer(815301076,1909f56bfc062723c751e8b465ee728b)
Start importing Assets/Scenes/LevelTemplate ybzpp.unity using Guid(7578c738729e1a346b5b4c1d7460d104) Importer(815301076,1909f56bfc062723c751e8b465ee728b)  -> (artifact id: 'c904cbef559e01cb51d7206fecfb5b8a') in 0.001100 seconds
  Import took 0.003099 seconds .

========================================================================
Received Import Request.
  Time since last request: 0.001299 seconds.
  path: Assets/Scenes/LevelTemplate ybzpp.unity
  artifactKey: Guid(7578c738729e1a346b5b4c1d7460d104) Importer(815301076,1909f56bfc062723c751e8b465ee728b)
Start importing Assets/Scenes/LevelTemplate ybzpp.unity using Guid(7578c738729e1a346b5b4c1d7460d104) Importer(815301076,1909f56bfc062723c751e8b465ee728b)  -> (artifact id: 'c904cbef559e01cb51d7206fecfb5b8a') in 0.000949 seconds
  Import took 0.002890 seconds .

========================================================================
Received Import Request.
  Time since last request: 1.512518 seconds.
  path: Assets/Scenes/SampleScene.unity
  artifactKey: Guid(9fc0d4010bbf28b4594072e72b8655ab) Importer(815301076,1909f56bfc062723c751e8b465ee728b)
Start importing Assets/Scenes/SampleScene.unity using Guid(9fc0d4010bbf28b4594072e72b8655ab) Importer(815301076,1909f56bfc062723c751e8b465ee728b)  -> (artifact id: 'd147eae747830d86979f793c0076a17c') in 0.001102 seconds
  Import took 0.003140 seconds .

========================================================================
Received Import Request.
  Time since last request: 0.000455 seconds.
  path: Assets/Scenes/SampleScene.unity
  artifactKey: Guid(9fc0d4010bbf28b4594072e72b8655ab) Importer(815301076,1909f56bfc062723c751e8b465ee728b)
Start importing Assets/Scenes/SampleScene.unity using Guid(9fc0d4010bbf28b4594072e72b8655ab) Importer(815301076,1909f56bfc062723c751e8b465ee728b)  -> (artifact id: 'd147eae747830d86979f793c0076a17c') in 0.001104 seconds
  Import took 0.003231 seconds .

========================================================================
Received Prepare
Registering precompiled user dll's ...
Registered in 0.000413 seconds.
Begin MonoManager ReloadAssembly
Native extension for LinuxStandalone target not found
Native extension for WindowsStandalone target not found
Native extension for WebGL target not found
Refreshing native plugins compatible for Editor in 0.21 ms, found 0 plugins.
Preloading 0 native plugins for Editor in 0.00 ms.
Invoked RoslynAnalysisRunner static constructor.
RoslynAnalysisRunner will not be running.
RoslynAnalysisRunner has terminated.
Mono: successfully reloaded assembly
- Completed reload, in  0.602 seconds
Platform modules already initialized, skipping
Refreshing native plugins compatible for Editor in 0.20 ms, found 0 plugins.
Preloading 0 native plugins for Editor in 0.00 ms.
Unloading 1404 Unused Serialized files (Serialized files now loaded: 0)
System memory in use before: 92.0 MB.
System memory in use after: 92.0 MB.

Unloading 6 unused Assets to reduce memory usage. Loaded Objects now: 1908.
Total: 1.796500 ms (FindLiveObjects: 0.262300 ms CreateObjectMapping: 0.067900 ms MarkObjects: 1.398900 ms  DeleteObjects: 0.066100 ms)

========================================================================
Received Prepare
Registering precompiled user dll's ...
Registered in 0.000351 seconds.
Begin MonoManager ReloadAssembly
Native extension for LinuxStandalone target not found
Native extension for WindowsStandalone target not found
Native extension for WebGL target not found
Refreshing native plugins compatible for Editor in 0.21 ms, found 0 plugins.
Preloading 0 native plugins for Editor in 0.00 ms.
Invoked RoslynAnalysisRunner static constructor.
RoslynAnalysisRunner will not be running.
RoslynAnalysisRunner has terminated.
Mono: successfully reloaded assembly
- Completed reload, in  0.565 seconds
Platform modules already initialized, skipping
Refreshing native plugins compatible for Editor in 0.20 ms, found 0 plugins.
Preloading 0 native plugins for Editor in 0.00 ms.
Unloading 1404 Unused Serialized files (Serialized files now loaded: 0)
System memory in use before: 92.0 MB.
System memory in use after: 92.1 MB.

Unloading 6 unused Assets to reduce memory usage. Loaded Objects now: 1911.
Total: 1.529700 ms (FindLiveObjects: 0.138400 ms CreateObjectMapping: 0.042200 ms MarkObjects: 1.297400 ms  DeleteObjects: 0.051100 ms)

========================================================================
Received Prepare
Registering precompiled user dll's ...
Registered in 0.000423 seconds.
Begin MonoManager ReloadAssembly
Native extension for LinuxStandalone target not found
Native extension for WindowsStandalone target not found
Native extension for WebGL target not found
Refreshing native plugins compatible for Editor in 0.23 ms, found 0 plugins.
Preloading 0 native plugins for Editor in 0.00 ms.
Invoked RoslynAnalysisRunner static constructor.
RoslynAnalysisRunner will not be running.
RoslynAnalysisRunner has terminated.
Mono: successfully reloaded assembly
- Completed reload, in  0.565 seconds
Platform modules already initialized, skipping
Refreshing native plugins compatible for Editor in 0.20 ms, found 0 plugins.
Preloading 0 native plugins for Editor in 0.00 ms.
Unloading 1404 Unused Serialized files (Serialized files now loaded: 0)
System memory in use before: 92.0 MB.
System memory in use after: 92.1 MB.

Unloading 6 unused Assets to reduce memory usage. Loaded Objects now: 1914.
Total: 1.425800 ms (FindLiveObjects: 0.135600 ms CreateObjectMapping: 0.038400 ms MarkObjects: 1.199800 ms  DeleteObjects: 0.051100 ms)

========================================================================
Received Prepare
Registering precompiled user dll's ...
Registered in 0.000364 seconds.
Begin MonoManager ReloadAssembly
Native extension for LinuxStandalone target not found
Native extension for WindowsStandalone target not found
Native extension for WebGL target not found
Refreshing native plugins compatible for Editor in 0.21 ms, found 0 plugins.
Preloading 0 native plugins for Editor in 0.00 ms.
Invoked RoslynAnalysisRunner static constructor.
RoslynAnalysisRunner will not be running.
RoslynAnalysisRunner has terminated.
Mono: successfully reloaded assembly
- Completed reload, in  0.612 seconds
Platform modules already initialized, skipping
Refreshing native plugins compatible for Editor in 0.23 ms, found 0 plugins.
Preloading 0 native plugins for Editor in 0.00 ms.
Unloading 1404 Unused Serialized files (Serialized files now loaded: 0)
System memory in use before: 92.0 MB.
System memory in use after: 92.1 MB.

Unloading 6 unused Assets to reduce memory usage. Loaded Objects now: 1917.
Total: 1.896300 ms (FindLiveObjects: 0.147800 ms CreateObjectMapping: 0.043700 ms MarkObjects: 1.626600 ms  DeleteObjects: 0.077400 ms)

========================================================================
Received Import Request.
  Time since last request: 923.360470 seconds.
  path: Assets/Prefabs/gui player.prefab
  artifactKey: Guid(fb8441372bdd2b245b63baf28118724c) Importer(815301076,1909f56bfc062723c751e8b465ee728b)
Start importing Assets/Prefabs/gui player.prefab using Guid(fb8441372bdd2b245b63baf28118724c) Importer(815301076,1909f56bfc062723c751e8b465ee728b)  -> (artifact id: '0418acc4900e140e3dd79e2b79939d22') in 0.059631 seconds
  Import took 0.063262 seconds .

========================================================================
Received Import Request.
  Time since last request: 8.564640 seconds.
  path: Assets/Prefabs/UI.prefab
  artifactKey: Guid(6f8dd4d19d855b541a176a362c49f4f2) Importer(815301076,1909f56bfc062723c751e8b465ee728b)
Start importing Assets/Prefabs/UI.prefab using Guid(6f8dd4d19d855b541a176a362c49f4f2) Importer(815301076,1909f56bfc062723c751e8b465ee728b)  -> (artifact id: '706243b2123c6586f89aac9e42ae6d81') in 0.025256 seconds
  Import took 0.027744 seconds .

========================================================================
Received Import Request.
  Time since last request: 0.003839 seconds.
  path: Assets/Prefabs/UI.prefab
  artifactKey: Guid(6f8dd4d19d855b541a176a362c49f4f2) Importer(815301076,1909f56bfc062723c751e8b465ee728b)
Start importing Assets/Prefabs/UI.prefab using Guid(6f8dd4d19d855b541a176a362c49f4f2) Importer(815301076,1909f56bfc062723c751e8b465ee728b)  -> (artifact id: '706243b2123c6586f89aac9e42ae6d81') in 0.018609 seconds
  Import took 0.020667 seconds .

========================================================================
Received Import Request.
  Time since last request: 1.949539 seconds.
  path: Assets/Prefabs/gui player 1.prefab
  artifactKey: Guid(2146b28c352554f45a64491232bba855) Importer(815301076,1909f56bfc062723c751e8b465ee728b)
Start importing Assets/Prefabs/gui player 1.prefab using Guid(2146b28c352554f45a64491232bba855) Importer(815301076,1909f56bfc062723c751e8b465ee728b)  -> (artifact id: '816a7da76b443e5907c2f8686a028dc5') in 0.014019 seconds
  Import took 0.015966 seconds .

========================================================================
Received Import Request.
  Time since last request: 12.865564 seconds.
  path: Assets/Prefabs/health player.prefab
  artifactKey: Guid(2146b28c352554f45a64491232bba855) Importer(815301076,1909f56bfc062723c751e8b465ee728b)
Start importing Assets/Prefabs/health player.prefab using Guid(2146b28c352554f45a64491232bba855) Importer(815301076,1909f56bfc062723c751e8b465ee728b)  -> (artifact id: '91c6b5dab13dfb67d944337db2ff8ceb') in 0.014578 seconds
  Import took 0.016594 seconds .

========================================================================
Received Import Request.
  Time since last request: 15.074439 seconds.
  path: Assets/Prefabs/Health bar.prefab
  artifactKey: Guid(2146b28c352554f45a64491232bba855) Importer(815301076,1909f56bfc062723c751e8b465ee728b)
Start importing Assets/Prefabs/Health bar.prefab using Guid(2146b28c352554f45a64491232bba855) Importer(815301076,1909f56bfc062723c751e8b465ee728b)  -> (artifact id: 'ee2d3b255f3210959015d4e257d373d3') in 0.016114 seconds
  Import took 0.018335 seconds .

========================================================================
Received Import Request.
  Time since last request: 6.964543 seconds.
  path: Assets/Prefabs/GUI player.prefab
  artifactKey: Guid(fb8441372bdd2b245b63baf28118724c) Importer(815301076,1909f56bfc062723c751e8b465ee728b)
Start importing Assets/Prefabs/GUI player.prefab using Guid(fb8441372bdd2b245b63baf28118724c) Importer(815301076,1909f56bfc062723c751e8b465ee728b)  -> (artifact id: 'c559bd5cc5f30ec5cd2ef916f3e7be88') in 0.014958 seconds
  Import took 0.016960 seconds .

========================================================================
Received Import Request.
  Time since last request: 0.406538 seconds.
  path: Assets/Prefabs/gui player.prefab
  artifactKey: Guid(fb8441372bdd2b245b63baf28118724c) Importer(815301076,1909f56bfc062723c751e8b465ee728b)
Start importing Assets/Prefabs/gui player.prefab using Guid(fb8441372bdd2b245b63baf28118724c) Importer(815301076,1909f56bfc062723c751e8b465ee728b)  -> (artifact id: '9c59165b7f1ac3e8c7b98b174eb4df1d') in 0.014622 seconds
  Import took 0.016534 seconds .

========================================================================
Received Import Request.
  Time since last request: 7.591434 seconds.
  path: Assets/Prefabs/Gui player.prefab
  artifactKey: Guid(fb8441372bdd2b245b63baf28118724c) Importer(815301076,1909f56bfc062723c751e8b465ee728b)
Start importing Assets/Prefabs/Gui player.prefab using Guid(fb8441372bdd2b245b63baf28118724c) Importer(815301076,1909f56bfc062723c751e8b465ee728b)  -> (artifact id: 'ce2708b94fd377789d1c018f789dafa9') in 0.014219 seconds
  Import took 0.016215 seconds .

========================================================================
Received Import Request.
  Time since last request: 2.880695 seconds.
  path: Assets/Prefabs/Health bar.prefab
  artifactKey: Guid(2146b28c352554f45a64491232bba855) Importer(815301076,1909f56bfc062723c751e8b465ee728b)
Start importing Assets/Prefabs/Health bar.prefab using Guid(2146b28c352554f45a64491232bba855) Importer(815301076,1909f56bfc062723c751e8b465ee728b)  -> (artifact id: 'a00e7bd1d794c3445fb86331350f6264') in 0.023667 seconds
  Import took 0.031605 seconds .

========================================================================
Received Import Request.
  Time since last request: 0.034338 seconds.
  path: Assets/Prefabs/Health bar.prefab
  artifactKey: Guid(2146b28c352554f45a64491232bba855) Importer(815301076,1909f56bfc062723c751e8b465ee728b)
Start importing Assets/Prefabs/Health bar.prefab using Guid(2146b28c352554f45a64491232bba855) Importer(815301076,1909f56bfc062723c751e8b465ee728b)  -> (artifact id: '77fcea2c677d45712659a89b636b873c') in 0.016542 seconds
  Import took 0.018790 seconds .

========================================================================
Received Import Request.
  Time since last request: 0.045314 seconds.
  path: Assets/Prefabs/Health bar.prefab
  artifactKey: Guid(2146b28c352554f45a64491232bba855) Importer(815301076,1909f56bfc062723c751e8b465ee728b)
Start importing Assets/Prefabs/Health bar.prefab using Guid(2146b28c352554f45a64491232bba855) Importer(815301076,1909f56bfc062723c751e8b465ee728b)  -> (artifact id: '77fcea2c677d45712659a89b636b873c') in 0.014124 seconds
  Import took 0.016176 seconds .

========================================================================
Received Prepare
Registering precompiled user dll's ...
Registered in 0.000351 seconds.
Begin MonoManager ReloadAssembly
Native extension for LinuxStandalone target not found
Native extension for WindowsStandalone target not found
Native extension for WebGL target not found
Refreshing native plugins compatible for Editor in 0.21 ms, found 0 plugins.
Preloading 0 native plugins for Editor in 0.00 ms.
Invoked RoslynAnalysisRunner static constructor.
RoslynAnalysisRunner will not be running.
RoslynAnalysisRunner has terminated.
Mono: successfully reloaded assembly
- Completed reload, in  0.577 seconds
Platform modules already initialized, skipping
Refreshing native plugins compatible for Editor in 0.20 ms, found 0 plugins.
Preloading 0 native plugins for Editor in 0.00 ms.
Unloading 1404 Unused Serialized files (Serialized files now loaded: 0)
System memory in use before: 92.1 MB.
System memory in use after: 92.2 MB.

Unloading 6 unused Assets to reduce memory usage. Loaded Objects now: 1920.
Total: 1.430400 ms (FindLiveObjects: 0.141400 ms CreateObjectMapping: 0.042400 ms MarkObjects: 1.191300 ms  DeleteObjects: 0.054600 ms)

========================================================================
Received Prepare
Registering precompiled user dll's ...
Registered in 0.000355 seconds.
Begin MonoManager ReloadAssembly
Native extension for LinuxStandalone target not found
Native extension for WindowsStandalone target not found
Native extension for WebGL target not found
Refreshing native plugins compatible for Editor in 0.21 ms, found 0 plugins.
Preloading 0 native plugins for Editor in 0.00 ms.
Invoked RoslynAnalysisRunner static constructor.
RoslynAnalysisRunner will not be running.
RoslynAnalysisRunner has terminated.
Mono: successfully reloaded assembly
- Completed reload, in  0.572 seconds
Platform modules already initialized, skipping
Refreshing native plugins compatible for Editor in 0.20 ms, found 0 plugins.
Preloading 0 native plugins for Editor in 0.00 ms.
Unloading 1404 Unused Serialized files (Serialized files now loaded: 0)
System memory in use before: 92.1 MB.
System memory in use after: 92.2 MB.

Unloading 6 unused Assets to reduce memory usage. Loaded Objects now: 1923.
Total: 1.477200 ms (FindLiveObjects: 0.141400 ms CreateObjectMapping: 0.034900 ms MarkObjects: 1.250800 ms  DeleteObjects: 0.049600 ms)

========================================================================
Received Prepare
Registering precompiled user dll's ...
Registered in 0.000373 seconds.
Begin MonoManager ReloadAssembly
Native extension for LinuxStandalone target not found
Native extension for WindowsStandalone target not found
Native extension for WebGL target not found
Refreshing native plugins compatible for Editor in 0.21 ms, found 0 plugins.
Preloading 0 native plugins for Editor in 0.00 ms.
Invoked RoslynAnalysisRunner static constructor.
RoslynAnalysisRunner will not be running.
RoslynAnalysisRunner has terminated.
Mono: successfully reloaded assembly
- Completed reload, in  0.591 seconds
Platform modules already initialized, skipping
Refreshing native plugins compatible for Editor in 0.21 ms, found 0 plugins.
Preloading 0 native plugins for Editor in 0.00 ms.
Unloading 1412 Unused Serialized files (Serialized files now loaded: 0)
System memory in use before: 92.3 MB.
System memory in use after: 92.4 MB.

Unloading 6 unused Assets to reduce memory usage. Loaded Objects now: 1934.
Total: 1.421500 ms (FindLiveObjects: 0.134500 ms CreateObjectMapping: 0.036500 ms MarkObjects: 1.198100 ms  DeleteObjects: 0.051400 ms)

========================================================================
Received Prepare
Registering precompiled user dll's ...
Registered in 0.000398 seconds.
Begin MonoManager ReloadAssembly
Native extension for LinuxStandalone target not found
Native extension for WindowsStandalone target not found
Native extension for WebGL target not found
Refreshing native plugins compatible for Editor in 0.21 ms, found 0 plugins.
Preloading 0 native plugins for Editor in 0.00 ms.
Invoked RoslynAnalysisRunner static constructor.
RoslynAnalysisRunner will not be running.
RoslynAnalysisRunner has terminated.
Mono: successfully reloaded assembly
- Completed reload, in  0.561 seconds
Platform modules already initialized, skipping
Refreshing native plugins compatible for Editor in 0.21 ms, found 0 plugins.
Preloading 0 native plugins for Editor in 0.00 ms.
Unloading 1412 Unused Serialized files (Serialized files now loaded: 0)
System memory in use before: 92.3 MB.
System memory in use after: 92.4 MB.

Unloading 6 unused Assets to reduce memory usage. Loaded Objects now: 1937.
Total: 2.432700 ms (FindLiveObjects: 0.158400 ms CreateObjectMapping: 0.045300 ms MarkObjects: 2.149800 ms  DeleteObjects: 0.078200 ms)

========================================================================
Received Prepare
Registering precompiled user dll's ...
Registered in 0.000379 seconds.
Begin MonoManager ReloadAssembly
Native extension for LinuxStandalone target not found
Native extension for WindowsStandalone target not found
Native extension for WebGL target not found
Refreshing native plugins compatible for Editor in 0.21 ms, found 0 plugins.
Preloading 0 native plugins for Editor in 0.00 ms.
Invoked RoslynAnalysisRunner static constructor.
RoslynAnalysisRunner will not be running.
RoslynAnalysisRunner has terminated.
Mono: successfully reloaded assembly
- Completed reload, in  0.557 seconds
Platform modules already initialized, skipping
Refreshing native plugins compatible for Editor in 0.20 ms, found 0 plugins.
Preloading 0 native plugins for Editor in 0.00 ms.
Unloading 1412 Unused Serialized files (Serialized files now loaded: 0)
System memory in use before: 92.3 MB.
System memory in use after: 92.4 MB.

Unloading 6 unused Assets to reduce memory usage. Loaded Objects now: 1940.
Total: 1.540200 ms (FindLiveObjects: 0.147300 ms CreateObjectMapping: 0.037100 ms MarkObjects: 1.304300 ms  DeleteObjects: 0.050700 ms)

========================================================================
Received Prepare
Registering precompiled user dll's ...
Registered in 0.000455 seconds.
Begin MonoManager ReloadAssembly
Native extension for LinuxStandalone target not found
Native extension for WindowsStandalone target not found
Native extension for WebGL target not found
Refreshing native plugins compatible for Editor in 0.21 ms, found 0 plugins.
Preloading 0 native plugins for Editor in 0.00 ms.
Invoked RoslynAnalysisRunner static constructor.
RoslynAnalysisRunner will not be running.
RoslynAnalysisRunner has terminated.
Mono: successfully reloaded assembly
- Completed reload, in  0.556 seconds
Platform modules already initialized, skipping
Refreshing native plugins compatible for Editor in 0.21 ms, found 0 plugins.
Preloading 0 native plugins for Editor in 0.00 ms.
Unloading 1412 Unused Serialized files (Serialized files now loaded: 0)
System memory in use before: 92.3 MB.
System memory in use after: 92.4 MB.

Unloading 6 unused Assets to reduce memory usage. Loaded Objects now: 1943.
Total: 1.681200 ms (FindLiveObjects: 0.144700 ms CreateObjectMapping: 0.034400 ms MarkObjects: 1.449400 ms  DeleteObjects: 0.051900 ms)

========================================================================
Received Import Request.
  Time since last request: 1810.571732 seconds.
  path: Assets/ExternalAssets
  artifactKey: Guid(990f5c2df70993f4987a388ca178996a) Importer(815301076,1909f56bfc062723c751e8b465ee728b)
Start importing Assets/ExternalAssets using Guid(990f5c2df70993f4987a388ca178996a) Importer(815301076,1909f56bfc062723c751e8b465ee728b)  -> (artifact id: '11181fe7d82805e4451e261e59d7435b') in 0.002821 seconds
  Import took 0.004962 seconds .

========================================================================
Received Import Request.
  Time since last request: 14.890098 seconds.
  path: Assets/ExternalAssets/ZlodeyPack
  artifactKey: Guid(928ff2fb61640144481e846d294f91dd) Importer(815301076,1909f56bfc062723c751e8b465ee728b)
Start importing Assets/ExternalAssets/ZlodeyPack using Guid(928ff2fb61640144481e846d294f91dd) Importer(815301076,1909f56bfc062723c751e8b465ee728b)  -> (artifact id: '9c374ab24d5e5e0180e86c8ca4778156') in 0.000909 seconds
  Import took 0.003280 seconds .

========================================================================
Received Import Request.
  Time since last request: 0.000272 seconds.
  path: Assets/ExternalAssets/ZlodeyPack
  artifactKey: Guid(928ff2fb61640144481e846d294f91dd) Importer(815301076,1909f56bfc062723c751e8b465ee728b)
Start importing Assets/ExternalAssets/ZlodeyPack using Guid(928ff2fb61640144481e846d294f91dd) Importer(815301076,1909f56bfc062723c751e8b465ee728b)  -> (artifact id: '9c374ab24d5e5e0180e86c8ca4778156') in 0.001058 seconds
  Import took 0.003657 seconds .

AssetImportWorkerClient::OnTransportError - code=2 error=End of file
